<?xml version="1.0" encoding="UTF-8"?>
<!-- Generated by org.testng.reporters.JUnitXMLReporter -->
<testsuite ignored="0" hostname="DESKTOP-P00DEH1" failures="1" tests="5" name="Test" time="33.999" errors="0" timestamp="2023-11-28T21:25:13 IST">
  <testcase classname="demo.org.AddactinTNG" name="@AfterClass tearDown" time="0.239">
    <failure type="java.lang.AssertionError" message="The following asserts failed:
	User not Logged into selecthotel page! expected [Select Hotel ] but found [Select Hotel],
	User not about to book hotel!  expected [Book A Hotel ] but found [bookHotel.getBookHotelTitle().getText()]">
      <![CDATA[java.lang.AssertionError: The following asserts failed:
User not Logged into selecthotel page! expected [Select Hotel ] but found [Select Hotel],
User not about to book hotel!  expected [Book A Hotel ] but found [bookHotel.getBookHotelTitle().getText()]
at demo.org.AddactinTNG.tearDown(AddactinTNG.java:92)
at java.base/java.util.ArrayList.forEach(ArrayList.java:1511)
... Removed 27 stack frames]]>
    </failure>
  </testcase> <!-- @AfterClass tearDown -->
  <testcase classname="demo.org.AddactinTNG" name="logIn" time="5.612"/>
  <testcase classname="demo.org.AddactinTNG" name="searchHotel" time="2.49"/>
  <testcase classname="demo.org.AddactinTNG" name="selectHotel" time="1.319"/>
  <testcase classname="demo.org.AddactinTNG" name="BookAHotel" time="5.969">
    <failure type="org.openqa.selenium.NoSuchElementException" message="Cannot locate option with value: September
For documentation on this error, please visit: https://www.selenium.dev/documentation/webdriver/troubleshooting/errors#no-such-element-exception
Build info: version: &amp;apos;4.14.1&amp;apos;, revision: &amp;apos;03f8ede370&amp;apos;
System info: os.name: &amp;apos;Windows 10&amp;apos;, os.arch: &amp;apos;amd64&amp;apos;, os.version: &amp;apos;10.0&amp;apos;, java.version: &amp;apos;17.0.8.1&amp;apos;
Driver info: driver.version: unknown">
      <![CDATA[org.openqa.selenium.NoSuchElementException: Cannot locate option with value: September
For documentation on this error, please visit: https://www.selenium.dev/documentation/webdriver/troubleshooting/errors#no-such-element-exception
Build info: version: '4.14.1', revision: '03f8ede370'
System info: os.name: 'Windows 10', os.arch: 'amd64', os.version: '10.0', java.version: '17.0.8.1'
Driver info: driver.version: unknown
at org.openqa.selenium.support.ui.Select.findOptionsByValue(Select.java:289)
at org.openqa.selenium.support.ui.Select.selectByValue(Select.java:194)
at Base.org.BaseClass.selectDropDown(BaseClass.java:159)
at demo.org.AddactinTNG.BookAHotel(AddactinTNG.java:83)
at java.base/java.util.ArrayList.forEach(ArrayList.java:1511)
... Removed 27 stack frames]]>
    </failure>
  </testcase> <!-- BookAHotel -->
  <testcase classname="demo.org.FacebookTest" name="tearUp" time="6.333"/>
</testsuite> <!-- Test -->
